<?xml version="1.0" encoding="UTF-8"?>
<testsuite xmlns:xsi="http://www.w3.org/2001/XMLSchema-instance" xsi:noNamespaceSchemaLocation="https://maven.apache.org/surefire/maven-surefire-plugin/xsd/surefire-test-report.xsd" name="TestSuite" time="81.183" tests="13" errors="0" skipped="1" failures="7">
  <properties>
    <property name="java.runtime.name" value="Java(TM) SE Runtime Environment"/>
    <property name="sun.boot.library.path" value="/Library/Java/JavaVirtualMachines/jdk1.8.0_91.jdk/Contents/Home/jre/lib"/>
    <property name="java.vm.version" value="25.91-b14"/>
    <property name="gopherProxySet" value="false"/>
    <property name="java.vm.vendor" value="Oracle Corporation"/>
    <property name="maven.multiModuleProjectDirectory" value="/Users/wdy/Documents/workspace/learnallureNG"/>
    <property name="java.vendor.url" value="http://java.oracle.com/"/>
    <property name="path.separator" value=":"/>
    <property name="guice.disable.misplaced.annotation.check" value="true"/>
    <property name="java.vm.name" value="Java HotSpot(TM) 64-Bit Server VM"/>
    <property name="file.encoding.pkg" value="sun.io"/>
    <property name="user.country" value="CN"/>
    <property name="sun.java.launcher" value="SUN_STANDARD"/>
    <property name="sun.os.patch.level" value="unknown"/>
    <property name="java.vm.specification.name" value="Java Virtual Machine Specification"/>
    <property name="user.dir" value="/Users/wdy/Documents/workspace/learnallureNG"/>
    <property name="java.runtime.version" value="1.8.0_91-b14"/>
    <property name="java.awt.graphicsenv" value="sun.awt.CGraphicsEnvironment"/>
    <property name="java.endorsed.dirs" value="/Library/Java/JavaVirtualMachines/jdk1.8.0_91.jdk/Contents/Home/jre/lib/endorsed"/>
    <property name="os.arch" value="x86_64"/>
    <property name="java.io.tmpdir" value="/var/folders/yw/swrbkf9s33l2q96wjm3k4njm0000gn/T/"/>
    <property name="line.separator" value="&#10;"/>
    <property name="java.vm.specification.vendor" value="Oracle Corporation"/>
    <property name="os.name" value="Mac OS X"/>
    <property name="classworlds.conf" value="/usr/local/Cellar/maven/3.3.9/libexec/bin/m2.conf"/>
    <property name="sun.jnu.encoding" value="UTF-8"/>
    <property name="java.library.path" value="/Users/wdy/Library/Java/Extensions:/Library/Java/Extensions:/Network/Library/Java/Extensions:/System/Library/Java/Extensions:/usr/lib/java:."/>
    <property name="java.specification.name" value="Java Platform API Specification"/>
    <property name="java.class.version" value="52.0"/>
    <property name="sun.management.compiler" value="HotSpot 64-Bit Tiered Compilers"/>
    <property name="os.version" value="10.12.6"/>
    <property name="http.nonProxyHosts" value="local|*.local|169.254/16|*.169.254/16"/>
    <property name="user.home" value="/Users/wdy"/>
    <property name="user.timezone" value="Asia/Shanghai"/>
    <property name="java.awt.printerjob" value="sun.lwawt.macosx.CPrinterJob"/>
    <property name="java.specification.version" value="1.8"/>
    <property name="file.encoding" value="UTF-8"/>
    <property name="user.name" value="wdy"/>
    <property name="java.class.path" value="/usr/local/Cellar/maven/3.3.9/libexec/boot/plexus-classworlds-2.5.2.jar"/>
    <property name="java.vm.specification.version" value="1.8"/>
    <property name="sun.arch.data.model" value="64"/>
    <property name="java.home" value="/Library/Java/JavaVirtualMachines/jdk1.8.0_91.jdk/Contents/Home/jre"/>
    <property name="sun.java.command" value="org.codehaus.plexus.classworlds.launcher.Launcher clean test"/>
    <property name="java.specification.vendor" value="Oracle Corporation"/>
    <property name="user.language" value="zh"/>
    <property name="awt.toolkit" value="sun.lwawt.macosx.LWCToolkit"/>
    <property name="java.vm.info" value="mixed mode"/>
    <property name="java.version" value="1.8.0_91"/>
    <property name="java.ext.dirs" value="/Users/wdy/Library/Java/Extensions:/Library/Java/JavaVirtualMachines/jdk1.8.0_91.jdk/Contents/Home/jre/lib/ext:/Library/Java/Extensions:/Network/Library/Java/Extensions:/System/Library/Java/Extensions:/usr/lib/java"/>
    <property name="sun.boot.class.path" value="/Library/Java/JavaVirtualMachines/jdk1.8.0_91.jdk/Contents/Home/jre/lib/resources.jar:/Library/Java/JavaVirtualMachines/jdk1.8.0_91.jdk/Contents/Home/jre/lib/rt.jar:/Library/Java/JavaVirtualMachines/jdk1.8.0_91.jdk/Contents/Home/jre/lib/sunrsasign.jar:/Library/Java/JavaVirtualMachines/jdk1.8.0_91.jdk/Contents/Home/jre/lib/jsse.jar:/Library/Java/JavaVirtualMachines/jdk1.8.0_91.jdk/Contents/Home/jre/lib/jce.jar:/Library/Java/JavaVirtualMachines/jdk1.8.0_91.jdk/Contents/Home/jre/lib/charsets.jar:/Library/Java/JavaVirtualMachines/jdk1.8.0_91.jdk/Contents/Home/jre/lib/jfr.jar:/Library/Java/JavaVirtualMachines/jdk1.8.0_91.jdk/Contents/Home/jre/classes"/>
    <property name="java.vendor" value="Oracle Corporation"/>
    <property name="maven.home" value="/usr/local/Cellar/maven/3.3.9/libexec"/>
    <property name="file.separator" value="/"/>
    <property name="java.vendor.url.bug" value="http://bugreport.sun.com/bugreport/"/>
    <property name="sun.cpu.endian" value="little"/>
    <property name="sun.io.unicode.encoding" value="UnicodeBig"/>
    <property name="socksNonProxyHosts" value="local|*.local|169.254/16|*.169.254/16"/>
    <property name="ftp.nonProxyHosts" value="local|*.local|169.254/16|*.169.254/16"/>
    <property name="sun.cpu.isalist" value=""/>
  </properties>
  <testcase name="failedTest" classname="com.wdy.learnallureNG.AppTest" time="0.133">
    <failure message="This test should be failed" type="java.lang.AssertionError">java.lang.AssertionError: This test should be failed
	at com.wdy.learnallureNG.AppTest.failedTest(AppTest.java:58)
</failure>
    <system-err><![CDATA[SLF4J: Failed to load class "org.slf4j.impl.StaticLoggerBinder".
SLF4J: Defaulting to no-operation (NOP) logger implementation
SLF4J: See http://www.slf4j.org/codes.html#StaticLoggerBinder for further details.
]]></system-err>
  </testcase>
  <testcase name="simpleTest" classname="com.wdy.learnallureNG.AppTest" time="0.007"/>
  <testcase name="csvAttachmentTest" classname="com.wdy.learnallureNG.AppTest" time="0.003">
    <failure message="Couldn&apos;t find resource &apos;sample.csv&apos;" type="java.lang.AssertionError">java.lang.AssertionError: Couldn't find resource 'sample.csv'
	at com.wdy.learnallureNG.AppTest.getSampleFile(AppTest.java:124)
	at com.wdy.learnallureNG.AppTest.saveCsvAttachment(AppTest.java:113)
	at com.wdy.learnallureNG.AppTest.csvAttachmentTest(AppTest.java:103)
</failure>
  </testcase>
  <testcase name="parametrizedTest" classname="com.wdy.learnallureNG.AppTest" time="0.004">
    <failure message="&#10;Expected: is &lt;2&gt;&#10;     but: was &lt;1&gt;" type="java.lang.AssertionError"><![CDATA[java.lang.AssertionError: 

Expected: is <2>
     but: was <1>
	at com.wdy.learnallureNG.AppTest.parametrizedTest(AppTest.java:82)
]]></failure>
  </testcase>
  <testcase name="parametrizedTest" classname="com.wdy.learnallureNG.AppTest" time="0.001"/>
  <testcase name="parametrizedTest" classname="com.wdy.learnallureNG.AppTest" time="0.001">
    <failure message="&#10;Expected: is &lt;2&gt;&#10;     but: was &lt;3&gt;" type="java.lang.AssertionError"><![CDATA[java.lang.AssertionError: 

Expected: is <2>
     but: was <3>
	at com.wdy.learnallureNG.AppTest.parametrizedTest(AppTest.java:82)
]]></failure>
  </testcase>
  <testcase name="parametrizedTest" classname="com.wdy.learnallureNG.AppTest" time="0.003">
    <failure message="&#10;Expected: is &lt;2&gt;&#10;     but: was &lt;1&gt;" type="java.lang.AssertionError"><![CDATA[java.lang.AssertionError: 

Expected: is <2>
     but: was <1>
	at com.wdy.learnallureNG.AppTest.parametrizedTest(AppTest.java:98)
]]></failure>
  </testcase>
  <testcase name="parametrizedTest" classname="com.wdy.learnallureNG.AppTest" time="0.001"/>
  <testcase name="parametrizedTest" classname="com.wdy.learnallureNG.AppTest" time="0.002">
    <failure message="&#10;Expected: is &lt;2&gt;&#10;     but: was &lt;3&gt;" type="java.lang.AssertionError"><![CDATA[java.lang.AssertionError: 

Expected: is <2>
     but: was <3>
	at com.wdy.learnallureNG.AppTest.parametrizedTest(AppTest.java:98)
]]></failure>
  </testcase>
  <testcase name="simpleTestWithAttachments" classname="com.wdy.learnallureNG.AppTest" time="0.001"/>
  <testcase name="simpleTestWithSteps" classname="com.wdy.learnallureNG.AppTest" time="0.001"/>
  <testcase name="svgAttachmentTest" classname="com.wdy.learnallureNG.AppTest" time="0.002">
    <failure message="Couldn&apos;t find resource &apos;sample.svg&apos;" type="java.lang.AssertionError">java.lang.AssertionError: Couldn't find resource 'sample.svg'
	at com.wdy.learnallureNG.AppTest.getSampleFile(AppTest.java:124)
	at com.wdy.learnallureNG.AppTest.saveSvgAttachment(AppTest.java:118)
	at com.wdy.learnallureNG.AppTest.svgAttachmentTest(AppTest.java:108)
</failure>
  </testcase>
  <testcase name="skippedByDependencyTest" classname="com.wdy.learnallureNG.AppTest" time="0">
    <skipped message="Method AppTest.skippedByDependencyTest()[pri:0, instance:com.wdy.learnallureNG.AppTest@7181ae3f] depends on not successfully finished methods"/>
  </testcase>
</testsuite>