<?xml version="1.0" encoding="UTF-8"?>
<testsuite xmlns:xsi="http://www.w3.org/2001/XMLSchema-instance" xsi:noNamespaceSchemaLocation="https://maven.apache.org/surefire/maven-surefire-plugin/xsd/surefire-test-report.xsd" name="TestSuite" time="81.183" tests="13" errors="0" skipped="1" failures="7">
  <properties>
[...]
</properties>
  <testcase name="failedTest" classname="com.wdy.learnallureNG.AppTest" time="0.133">
    <failure message="This test should be failed" type="java.lang.AssertionError">java.lang.AssertionError: This test should be failed
	at com.wdy.learnallureNG.AppTest.failedTest(AppTest.java:58)
</failure>
    <system-err><![CDATA[SLF4J: Failed to load class "org.slf4j.impl.StaticLoggerBinder".
SLF4J: Defaulting to no-operation (NOP) logger implementation
SLF4J: See http://www.slf4j.org/codes.html#StaticLoggerBinder for further details.
]]></system-err>
  </testcase>
  <testcase name="simpleTest" classname="com.wdy.learnallureNG.AppTest" time="0.007"/>
  <testcase name="csvAttachmentTest" classname="com.wdy.learnallureNG.AppTest" time="0.003">
    <failure message="Couldn&apos;t find resource &apos;sample.csv&apos;" type="java.lang.AssertionError">java.lang.AssertionError: Couldn't find resource 'sample.csv'
	at com.wdy.learnallureNG.AppTest.getSampleFile(AppTest.java:124)
	at com.wdy.learnallureNG.AppTest.saveCsvAttachment(AppTest.java:113)
	at com.wdy.learnallureNG.AppTest.csvAttachmentTest(AppTest.java:103)
</failure>
  </testcase>
  <testcase name="parametrizedTest" classname="com.wdy.learnallureNG.AppTest" time="0.004">
    <failure message="&#10;Expected: is &lt;2&gt;&#10;     but: was &lt;1&gt;" type="java.lang.AssertionError"><![CDATA[java.lang.AssertionError: 

Expected: is <2>
     but: was <1>
	at com.wdy.learnallureNG.AppTest.parametrizedTest(AppTest.java:82)
]]></failure>
  </testcase>
  <testcase name="parametrizedTest" classname="com.wdy.learnallureNG.AppTest" time="0.001"/>
  <testcase name="parametrizedTest" classname="com.wdy.learnallureNG.AppTest" time="0.001">
    <failure message="&#10;Expected: is &lt;2&gt;&#10;     but: was &lt;3&gt;" type="java.lang.AssertionError"><![CDATA[java.lang.AssertionError: 

Expected: is <2>
     but: was <3>
	at com.wdy.learnallureNG.AppTest.parametrizedTest(AppTest.java:82)
]]></failure>
  </testcase>
  <testcase name="parametrizedTest" classname="com.wdy.learnallureNG.AppTest" time="0.003">
    <failure message="&#10;Expected: is &lt;2&gt;&#10;     but: was &lt;1&gt;" type="java.lang.AssertionError"><![CDATA[java.lang.AssertionError: 

Expected: is <2>
     but: was <1>
	at com.wdy.learnallureNG.AppTest.parametrizedTest(AppTest.java:98)
]]></failure>
  </testcase>
  <testcase name="parametrizedTest" classname="com.wdy.learnallureNG.AppTest" time="0.001"/>
  <testcase name="parametrizedTest" classname="com.wdy.learnallureNG.AppTest" time="0.002">
    <failure message="&#10;Expected: is &lt;2&gt;&#10;     but: was &lt;3&gt;" type="java.lang.AssertionError"><![CDATA[java.lang.AssertionError: 

Expected: is <2>
     but: was <3>
	at com.wdy.learnallureNG.AppTest.parametrizedTest(AppTest.java:98)
]]></failure>
  </testcase>
  <testcase name="simpleTestWithAttachments" classname="com.wdy.learnallureNG.AppTest" time="0.001"/>
  <testcase name="simpleTestWithSteps" classname="com.wdy.learnallureNG.AppTest" time="0.001"/>
  <testcase name="svgAttachmentTest" classname="com.wdy.learnallureNG.AppTest" time="0.002">
    <failure message="Couldn&apos;t find resource &apos;sample.svg&apos;" type="java.lang.AssertionError">java.lang.AssertionError: Couldn't find resource 'sample.svg'
	at com.wdy.learnallureNG.AppTest.getSampleFile(AppTest.java:124)
	at com.wdy.learnallureNG.AppTest.saveSvgAttachment(AppTest.java:118)
	at com.wdy.learnallureNG.AppTest.svgAttachmentTest(AppTest.java:108)
</failure>
  </testcase>
  <testcase name="skippedByDependencyTest" classname="com.wdy.learnallureNG.AppTest" time="0">
    <skipped message="Method AppTest.skippedByDependencyTest()[pri:0, instance:com.wdy.learnallureNG.AppTest@7181ae3f] depends on not successfully finished methods"/>
  </testcase>
</testsuite>